<?xml version="1.0" encoding="UTF-8"?>
<!-- Generated by org.testng.reporters.JUnitReportReporter -->
<testsuite hostname="DESKTOP-K42ITB2" failures="0" tests="2" name="storeproceduretesting.SpTesting1" time="0.192" errors="0" timestamp="2023-06-04T20:47:31 IST" skipped="1">
  <testcase classname="storeproceduretesting.SpTesting1" name="test_GetCustomerShipping" time="0.192"/>
  <system-out/>
  <testcase classname="storeproceduretesting.SpTesting1" name="test_get_order_by_cust">
    <skipped/>
  </testcase> <!-- test_get_order_by_cust -->
  <system-out/>
</testsuite> <!-- storeproceduretesting.SpTesting1 -->
