<?xml version="1.0" encoding="UTF-8"?>
<!-- Generated by org.testng.reporters.JUnitReportReporter -->
<testsuite hostname="DESKTOP-K42ITB2" failures="0" tests="3" name="storeproceduretesting.StoreFunctionTest" time="0.164" errors="0" timestamp="2023-06-04T21:42:12 IST" skipped="2">
  <testcase classname="storeproceduretesting.StoreFunctionTest" name="test_CustomerLevel_with_StoredProcedure" time="0.164"/>
  <system-out/>
  <testcase classname="storeproceduretesting.StoreFunctionTest" name="test_storedFunctionExists">
    <skipped/>
  </testcase> <!-- test_storedFunctionExists -->
  <system-out/>
  <testcase classname="storeproceduretesting.StoreFunctionTest" name="test_CustomerLevel_with_SQLStatement">
    <skipped/>
  </testcase> <!-- test_CustomerLevel_with_SQLStatement -->
  <system-out/>
</testsuite> <!-- storeproceduretesting.StoreFunctionTest -->
