<?xml version="1.0" encoding="UTF-8"?>
<!-- Generated by org.testng.reporters.JUnitReportReporter -->
<testsuite hostname="DESKTOP-K42ITB2" failures="0" tests="4" name="storeproceduretesting.SPTesting" time="0.176" errors="0" timestamp="2023-06-04T20:49:54 IST" skipped="3">
  <testcase classname="storeproceduretesting.SPTesting" name="test_test_SelectAllCustomersByCityAndByPin" time="0.176"/>
  <system-out/>
  <testcase classname="storeproceduretesting.SPTesting" name="test_storedProcedureExists">
    <skipped/>
  </testcase> <!-- test_storedProcedureExists -->
  <system-out/>
  <testcase classname="storeproceduretesting.SPTesting" name="test_SelectAllCustomers">
    <skipped/>
  </testcase> <!-- test_SelectAllCustomers -->
  <system-out/>
  <testcase classname="storeproceduretesting.SPTesting" name="test_test_SelectAllCustomersByCity">
    <skipped/>
  </testcase> <!-- test_test_SelectAllCustomersByCity -->
  <system-out/>
</testsuite> <!-- storeproceduretesting.SPTesting -->
